12:30AM on July 28, 2022
0
---Requests: 2.498142957687378 seconds ---
Emerald: Oshur, Hossin
Connery: Esamir
Cobalt: Oshur, Amerish
Miller: Oshur, Hossin
Soltech: Esamir

12:31AM on July 28, 2022
13
---Requests: 2.285130500793457 seconds ---
Cobalt: Oshur, Amerish

12:34AM on July 28, 2022
17
---Requests: 1.9421110153198242 seconds ---
Emerald: Oshur, Amerish

09:23PM on August 04, 2022
0
---Requests: 4.067777633666992 seconds ---
Emerald: Esamir online: 632
Connery: Oshur online: 219
Cobalt: Indar, Amerish online: 958
Miller: Oshur, Amerish online: 1039
Soltech: Hossin online: 23

09:23PM on August 04, 2022
1
---Requests: 2.871960163116455 seconds ---
Connery: Oshur online: 219

09:24PM on August 04, 2022
13
---Requests: 3.416299343109131 seconds ---
Cobalt: Indar, Amerish; Online: 953

09:25PM on August 04, 2022
10
---Requests: 4.161810636520386 seconds ---
Miller: Oshur, Amerish; Online: 1039

09:25PM on August 04, 2022
13
---Requests: 3.757153272628784 seconds ---
Cobalt: Indar, Amerish; Online: 950

09:25PM on August 04, 2022
0
---Requests: 4.137617826461792 seconds ---
Emerald: Esamir; Online: 628
Connery: Oshur; Online: 217
Cobalt: Indar, Amerish; Online: 950
Miller: Oshur, Amerish; Online: 1039
Soltech: Hossin; Online: 25

09:26PM on August 04, 2022
0
---Requests: 3.366089105606079 seconds ---
Emerald: Esamir;
Online: 629
Connery: Oshur;
Online: 215
Cobalt: Indar, Amerish;
Online: 958
Miller: Oshur, Amerish;
Online: 1045
Soltech: Hossin;
Online: 25

09:27PM on August 04, 2022
0
---Requests: 3.580794095993042 seconds ---
**Emerald**: Esamir;
Online: 635
**Connery**: Oshur;
Online: 214
**Cobalt**: Indar, Amerish;
Online: 961
**Miller**: Oshur, Amerish;
Online: 1046
**Soltech**: Hossin;
Online: 24

10:18PM on August 04, 2022
0
---Requests: 4.940261125564575 seconds ---
**Emerald**: Indar;
Online: 621
**Connery**: Oshur;
Online: 260
**Cobalt**: Indar, Amerish;
Online: 1120
**Miller**: Indar, Amerish;
Online: 1023
**Soltech**: Hossin;
Online: 23

10:48PM on August 04, 2022
0
---Requests: 3.807608127593994 seconds ---
**Emerald**: Indar;
Online: 720
**Connery**: Amerish;
Online: 219
**Cobalt**: Amerish, Esamir;
Online: 916
**Miller**: Indar, Amerish;
Online: 1015
**Soltech**: Hossin;
Online: 16

11:39PM on August 04, 2022
0
---Requests: 5.025099277496338 seconds ---
**Emerald**: Indar;
Online: 788
**Connery**: Amerish;
Online: 236
**Cobalt**: Amerish, Esamir;
Online: 830
**Miller**: Indar, Amerish;
Online: 968
**Soltech**: Hossin;
Online: 7

12:32AM on August 05, 2022
0
---Requests: 4.284921884536743 seconds ---
**Emerald**: Oshur, Amerish;
Online: 808
**Connery**: Amerish;
Online: 290
**Cobalt**: Esamir;
Online: 634
**Miller**: Amerish, Esamir;
Online: 523
**Soltech**: Hossin;
Online: 12

12:38AM on August 05, 2022
0
---Requests: 5.0457518100738525 seconds ---
**Emerald**: Oshur, Amerish;
Online: 803
**Connery**: Amerish;
Online: 292
**Cobalt**: Esamir;
Online: 559
**Miller**: Amerish, Esamir;
Online: 514
**Soltech**: Hossin;
Online: 14

01:09AM on August 05, 2022
0
---Requests: 4.07050347328186 seconds ---
**Emerald**: Oshur, Amerish;
Online: 885
**Connery**: Amerish;
Online: 271
**Cobalt**: Esamir;
Online: 506
**Miller**: Amerish, Esamir;
Online: 425
**Soltech**: Esamir;
Online: 5

01:12AM on August 05, 2022
0
---Requests: 3.6156857013702393 seconds ---
**Emerald**: Oshur, Amerish;
Online: 907
**Connery**: Amerish;
Online: 268
**Cobalt**: Esamir;
Online: 497
**Miller**: Amerish, Esamir;
Online: 411
**Soltech**: Esamir;
Online: 7

06:22PM on August 05, 2022
0
---Requests: 7.3211753368377686 seconds ---
**Emerald**: Esamir;
Online: 392
**Connery**: Amerish;
Online: 256
**Cobalt**: Esamir;
Online: 757
**Miller**: Amerish;
Online: 681
**Soltech**: Hossin, Esamir;
Online: 476

10:01PM on August 05, 2022
0
---Requests: 5.678940773010254 seconds ---
**Emerald**: Indar;
Online: 736
**Connery**: Esamir;
Online: 242
**Cobalt**: Indar, Hossin;
Online: 1082
**Miller**: Oshur, Hossin;
Online: 1057
**Soltech**: Hossin;
Online: 45

11:00PM on August 05, 2022
0
---Requests: 10.364098310470581 seconds ---
**Emerald**: Oshur, Amerish;
Online: 755
**Connery**: Esamir;
Online: 278
**Cobalt**: Indar, Hossin;
Online: 1217
**Miller**: Oshur, Hossin;
Online: 1113
**Soltech**: Indar;
Online: 28

11:11PM on August 05, 2022
0
---Requests: 15.549282550811768 seconds ---
**Emerald**: Oshur, Amerish;
Online: 761
**Connery**: Esamir;
Online: 287
**Cobalt**: Indar, Hossin;
Online: 1211
**Miller**: Oshur, Hossin;
Online: 1131
**Soltech**: Indar;
Online: 25

11:18PM on August 05, 2022
0
---Requests: 6.252485275268555 seconds ---
**Emerald**: Oshur, Amerish;
Online: 762
**Connery**: Esamir;
Online: 288
**Cobalt**: Indar, Hossin;
Online: 1239
**Miller**: Indar, Hossin;
Online: 957
**Soltech**: Indar;
Online: 21

01:01AM on August 06, 2022
0
---Requests: 3.858787775039673 seconds ---
**Emerald**: Hossin, Amerish;
Online: 900
**Connery**: Esamir;
Online: 345
**Cobalt**: Hossin, Amerish;
Online: 726
**Miller**: Indar, Hossin;
Online: 865
**Soltech**: Indar;
Online: 14

01:02AM on August 06, 2022
0
---Requests: 7.330513954162598 seconds ---
**Emerald**: Hossin, Amerish;
Online: 901
**Connery**: Esamir;
Online: 344
**Cobalt**: Hossin, Amerish;
Online: 725
**Miller**: Indar, Hossin;
Online: 866
**Soltech**: Indar;
Online: 15

01:04AM on August 06, 2022
0
---Requests: 6.517173767089844 seconds ---
**Emerald**: Hossin, Amerish;
Online: 914
**Connery**: Esamir;
Online: 350
**Cobalt**: Hossin, Amerish;
Online: 713
**Miller**: Indar, Hossin;
Online: 860
**Soltech**: Indar;
Online: 16

01:09AM on August 06, 2022
0
---Requests: 6.011445999145508 seconds ---
**Emerald**: Hossin, Amerish;
Online: 915
**Connery**: Esamir;
Online: 354
**Cobalt**: Hossin, Amerish;
Online: 713
**Miller**: Indar, Hossin;
Online: 843
**Soltech**: Indar;
Online: 15

01:12AM on August 06, 2022
0
---Requests: 5.248967885971069 seconds ---
**Emerald**: Hossin, Amerish;
Online: 931
**Connery**: Esamir;
Online: 355
**Cobalt**: Hossin, Amerish;
Online: 703
**Miller**: Indar, Hossin;
Online: 839
**Soltech**: Indar;
Online: 16

01:13AM on August 06, 2022
0
---Requests: 5.220247268676758 seconds ---
**Emerald**: Hossin, Amerish;
Online: 929
**Connery**: Esamir;
Online: 353
**Cobalt**: Hossin, Amerish;
Online: 702
**Miller**: Indar, Hossin;
Online: 838
**Soltech**: Indar;
Online: 18

02:12PM on August 29, 2022
13
---Requests: 4.56126070022583 seconds ---
**Cobalt**: Amerish;
Online: 71

02:14PM on August 29, 2022
1
---Requests: 7.166409969329834 seconds ---
**Connery**;
Online: 6

04:53PM on August 31, 2022
None
---Requests: 28.986670970916748 seconds ---
**Emerald**;
Online: 0
**Connery**: Oshur;
Online: 0
**Cobalt**;
Online: 0
**Miller**;
Online: 0
**Soltech**;
Online: 0

05:36PM on August 31, 2022
None
---Requests: 24.149394750595093 seconds ---
**Emerald**;
Online: 0
**Connery**: Esamir;
Online: 0
**Cobalt**;
Online: 0
**Miller**;
Online: 0
**Soltech**;
Online: 0

08:03PM on August 31, 2022
None
---Requests: 26.0386164188385 seconds ---
**Emerald**: Esamir;
Online: 350
**Connery**: Hossin;
Online: 90
**Cobalt**: Esamir;
Online: 708
**Miller**: Amerish;
Online: 778
**Soltech**: Indar;
Online: 110

06:09PM on September 16, 2022
13
---Requests: 7.540431022644043 seconds ---
**Cobalt**: Esamir;
Online: 508

06:09PM on September 16, 2022
None
---Requests: 4.03623104095459 seconds ---
**Emerald**: Indar;
Online: 265
**Connery**: Esamir;
Online: 150
**Cobalt**: Esamir;
Online: 509
**Miller**: Hossin;
Online: 557
**Soltech**: Oshur, Amerish;
Online: 464

16/10/22;01:47:30

